c:\users\declan\downloads\angel2d-master\code\clientgame\debug\clientgame.pch
c:\users\declan\downloads\angel2d-master\code\clientgame\debug\vc120.pdb
c:\users\declan\downloads\angel2d-master\code\clientgame\debug\vc120.idb
c:\users\declan\downloads\angel2d-master\code\clientgame\debug\stdafx.obj
c:\users\declan\downloads\angel2d-master\code\clientgame\debug\angelluawrapping.obj
c:\users\declan\downloads\angel2d-master\code\clientgame\debug\ourgamemanager.obj
c:\users\declan\downloads\angel2d-master\code\clientgame\debug\creditsscreen.obj
c:\users\declan\downloads\angel2d-master\code\clientgame\debug\gamescreen.obj
c:\users\declan\downloads\angel2d-master\code\clientgame\debug\settingsscreen.obj
c:\users\declan\downloads\angel2d-master\code\clientgame\debug\startscreen.obj
c:\users\declan\downloads\angel2d-master\code\clientgame\debug\main.obj
c:\users\declan\downloads\angel2d-master\code\clientgame\debug\clientgame.lib
c:\users\declan\downloads\angel2d-master\code\clientgame\debug\clientgame.exp
c:\users\declan\downloads\angel2d-master\code\clientgame\debug\clientgame.ilk
c:\users\declan\downloads\angel2d-master\code\clientgame\debug\clientgame.exe
c:\users\declan\downloads\angel2d-master\code\clientgame\debug\clientgame.pdb
c:\users\declan\downloads\angel2d-master\code\clientgame\debug\clientgame.res
c:\users\declan\downloads\angel2d-master\code\clientgame\debug\clientgame.tlog\cl.command.1.tlog
c:\users\declan\downloads\angel2d-master\code\clientgame\debug\clientgame.tlog\cl.read.1.tlog
c:\users\declan\downloads\angel2d-master\code\clientgame\debug\clientgame.tlog\cl.write.1.tlog
c:\users\declan\downloads\angel2d-master\code\clientgame\debug\clientgame.tlog\clientgame.write.1u.tlog
c:\users\declan\downloads\angel2d-master\code\clientgame\debug\clientgame.tlog\link.command.1.tlog
c:\users\declan\downloads\angel2d-master\code\clientgame\debug\clientgame.tlog\link.read.1.tlog
c:\users\declan\downloads\angel2d-master\code\clientgame\debug\clientgame.tlog\link.write.1.tlog
c:\users\declan\downloads\angel2d-master\code\clientgame\debug\clientgame.tlog\rc.command.1.tlog
c:\users\declan\downloads\angel2d-master\code\clientgame\debug\clientgame.tlog\rc.read.1.tlog
c:\users\declan\downloads\angel2d-master\code\clientgame\debug\clientgame.tlog\rc.write.1.tlog
